# JRE version: OpenJDK Runtime Environment Temurin-17.0.12+7 (17.0.12+7) (build 17.0.12+7)
# Java VM: OpenJDK 64-Bit Server VM Temurin-17.0.12+7 (17.0.12+7, mixed mode, emulated-client, tiered, compressed oops, compressed class ptrs, g1 gc, windows-amd64)
GC Precious Log:
 CPUs: 4 total, 4 available
 Memory: 8085M
 Large Page Support: Disabled
 NUMA Support: Disabled
 Compressed Oops: Enabled (32-bit)
 Heap Region Size: 1M
 Heap Min Capacity: 8M
 Heap Initial Capacity: 128M
 Heap Max Capacity: 1G
 Pre-touch: Disabled
 Parallel Workers: 4
 Concurrent Workers: 1
 Concurrent Refinement Workers: 4
 Periodic GC: Disabled
Heap:
 garbage-first heap   total 71680K, used 28428K [0x00000000c0000000, 0x0000000100000000)
  region size 1024K, 1 young (1024K), 0 survivors (0K)
 Metaspace       used 49393K, committed 50112K, reserved 1114112K
  class space    used 6437K, committed 6720K, reserved 1048576K
GC Heap History (20 events):
Event: 139.610 GC heap after
{Heap after GC invocations=18 (full 7):
 garbage-first heap   total 71680K, used 28428K [0x00000000c0000000, 0x0000000100000000)
  region size 1024K, 0 young (0K), 0 survivors (0K)
 Metaspace       used 49393K, committed 50112K, reserved 1114112K
  class space    used 6437K, committed 6720K, reserved 1048576K
}
Event: 151.002 GC heap before
{Heap before GC invocations=18 (full 7):
 garbage-first heap   total 71680K, used 28428K [0x00000000c0000000, 0x0000000100000000)
  region size 1024K, 1 young (1024K), 0 survivors (0K)
 Metaspace       used 49393K, committed 50112K, reserved 1114112K
  class space    used 6437K, committed 6720K, reserved 1048576K
}
Event: 151.047 GC heap after
{Heap after GC invocations=19 (full 8):
 garbage-first heap   total 71680K, used 28428K [0x00000000c0000000, 0x0000000100000000)
  region size 1024K, 0 young (0K), 0 survivors (0K)
 Metaspace       used 49393K, committed 50112K, reserved 1114112K
  class space    used 6437K, committed 6720K, reserved 1048576K
}
Event: 162.196 GC heap before
{Heap before GC invocations=19 (full 8):
 garbage-first heap   total 71680K, used 28428K [0x00000000c0000000, 0x0000000100000000)
  region size 1024K, 1 young (1024K), 0 survivors (0K)
 Metaspace       used 49393K, committed 50112K, reserved 1114112K
  class space    used 6437K, committed 6720K, reserved 1048576K
}
Event: 162.233 GC heap after
{Heap after GC invocations=20 (full 9):
 garbage-first heap   total 71680K, used 28428K [0x00000000c0000000, 0x0000000100000000)
  region size 1024K, 0 young (0K), 0 survivors (0K)
 Metaspace       used 49393K, committed 50112K, reserved 1114112K
  class space    used 6437K, committed 6720K, reserved 1048576K
}
Event: 173.667 GC heap before
{Heap before GC invocations=20 (full 9):
 garbage-first heap   total 71680K, used 28428K [0x00000000c0000000, 0x0000000100000000)
  region size 1024K, 1 young (1024K), 0 survivors (0K)
 Metaspace       used 49393K, committed 50112K, reserved 1114112K
  class space    used 6437K, committed 6720K, reserved 1048576K
}
Event: 173.716 GC heap after
{Heap after GC invocations=21 (full 10):
 garbage-first heap   total 71680K, used 28428K [0x00000000c0000000, 0x0000000100000000)
  region size 1024K, 0 young (0K), 0 survivors (0K)
 Metaspace       used 49393K, committed 50112K, reserved 1114112K
  class space    used 6437K, committed 6720K, reserved 1048576K
}
Event: 184.933 GC heap before
{Heap before GC invocations=21 (full 10):
 garbage-first heap   total 71680K, used 28428K [0x00000000c0000000, 0x0000000100000000)
  region size 1024K, 1 young (1024K), 0 survivors (0K)
 Metaspace       used 49393K, committed 50112K, reserved 1114112K
  class space    used 6437K, committed 6720K, reserved 1048576K
}
Event: 184.977 GC heap after
{Heap after GC invocations=22 (full 11):
 garbage-first heap   total 71680K, used 28428K [0x00000000c0000000, 0x0000000100000000)
  region size 1024K, 0 young (0K), 0 survivors (0K)
 Metaspace       used 49393K, committed 50112K, reserved 1114112K
  class space    used 6437K, committed 6720K, reserved 1048576K
}
Event: 196.696 GC heap before
{Heap before GC invocations=22 (full 11):
 garbage-first heap   total 71680K, used 28428K [0x00000000c0000000, 0x0000000100000000)
  region size 1024K, 1 young (1024K), 0 survivors (0K)
 Metaspace       used 49393K, committed 50112K, reserved 1114112K
  class space    used 6437K, committed 6720K, reserved 1048576K
}
Event: 196.741 GC heap after
{Heap after GC invocations=23 (full 12):
 garbage-first heap   total 71680K, used 28428K [0x00000000c0000000, 0x0000000100000000)
  region size 1024K, 0 young (0K), 0 survivors (0K)
 Metaspace       used 49393K, committed 50112K, reserved 1114112K
  class space    used 6437K, committed 6720K, reserved 1048576K
}
Event: 207.535 GC heap before
{Heap before GC invocations=23 (full 12):
 garbage-first heap   total 71680K, used 28428K [0x00000000c0000000, 0x0000000100000000)
  region size 1024K, 1 young (1024K), 0 survivors (0K)
 Metaspace       used 49393K, committed 50112K, reserved 1114112K
  class space    used 6437K, committed 6720K, reserved 1048576K
}
Event: 207.587 GC heap after
{Heap after GC invocations=24 (full 13):
 garbage-first heap   total 71680K, used 28428K [0x00000000c0000000, 0x0000000100000000)
  region size 1024K, 0 young (0K), 0 survivors (0K)
 Metaspace       used 49393K, committed 50112K, reserved 1114112K
  class space    used 6437K, committed 6720K, reserved 1048576K
}
Event: 219.047 GC heap before
{Heap before GC invocations=24 (full 13):
 garbage-first heap   total 71680K, used 28428K [0x00000000c0000000, 0x0000000100000000)
  region size 1024K, 1 young (1024K), 0 survivors (0K)
 Metaspace       used 49393K, committed 50112K, reserved 1114112K
  class space    used 6437K, committed 6720K, reserved 1048576K
}
Event: 219.098 GC heap after
{Heap after GC invocations=25 (full 14):
 garbage-first heap   total 71680K, used 28428K [0x00000000c0000000, 0x0000000100000000)
  region size 1024K, 0 young (0K), 0 survivors (0K)
 Metaspace       used 49393K, committed 50112K, reserved 1114112K
  class space    used 6437K, committed 6720K, reserved 1048576K
}
Event: 231.484 GC heap before
{Heap before GC invocations=25 (full 14):
 garbage-first heap   total 71680K, used 28428K [0x00000000c0000000, 0x0000000100000000)
  region size 1024K, 1 young (1024K), 0 survivors (0K)
 Metaspace       used 49393K, committed 50112K, reserved 1114112K
  class space    used 6437K, committed 6720K, reserved 1048576K
}
Event: 231.534 GC heap after
{Heap after GC invocations=26 (full 15):
 garbage-first heap   total 71680K, used 28428K [0x00000000c0000000, 0x0000000100000000)
  region size 1024K, 0 young (0K), 0 survivors (0K)
 Metaspace       used 49393K, committed 50112K, reserved 1114112K
  class space    used 6437K, committed 6720K, reserved 1048576K
}
Event: 242.889 GC heap before
{Heap before GC invocations=26 (full 15):
 garbage-first heap   total 71680K, used 28428K [0x00000000c0000000, 0x0000000100000000)
  region size 1024K, 1 young (1024K), 0 survivors (0K)
 Metaspace       used 49393K, committed 50112K, reserved 1114112K
  class space    used 6437K, committed 6720K, reserved 1048576K
}
Event: 242.938 GC heap after
{Heap after GC invocations=27 (full 16):
 garbage-first heap   total 71680K, used 28428K [0x00000000c0000000, 0x0000000100000000)
  region size 1024K, 0 young (0K), 0 survivors (0K)
 Metaspace       used 49393K, committed 50112K, reserved 1114112K
  class space    used 6437K, committed 6720K, reserved 1048576K
}
Event: 253.660 GC heap before
{Heap before GC invocations=27 (full 16):
 garbage-first heap   total 71680K, used 28428K [0x00000000c0000000, 0x0000000100000000)
  region size 1024K, 1 young (1024K), 0 survivors (0K)
 Metaspace       used 49393K, committed 50112K, reserved 1114112K
  class space    used 6437K, committed 6720K, reserved 1048576K
}

